Change Component Parameter Comment in C36 Old= New==Value
Change Component Parameter Comment in C35 Old= New==Value
Change Component Parameter Comment in C34 Old= New==Value
Change Component Parameter Comment in C33 Old= New==Value
Change Value of Parameter ComponentLink1URL in Part C36 Old=http://search.murata.co.jp/Ceramy/image/img/A01X/G101/ENG/GRM32ER61E226KE15-01.pdf New=//media.digikey.com/pdf/Data%20Sheets/Samsung%20PDFs/CL31A226KAHNNNE_Spec.pdf
Change Value of Parameter ComponentLink1URL in Part C35 Old=http://search.murata.co.jp/Ceramy/image/img/A01X/G101/ENG/GRM32ER61E226KE15-01.pdf New=//media.digikey.com/pdf/Data%20Sheets/Samsung%20PDFs/CL31A226KAHNNNE_Spec.pdf
Change Value of Parameter ComponentLink1URL in Part C34 Old=http://search.murata.co.jp/Ceramy/image/img/A01X/G101/ENG/GRM32ER61E226KE15-01.pdf New=//media.digikey.com/pdf/Data%20Sheets/Samsung%20PDFs/CL31A226KAHNNNE_Spec.pdf
Change Value of Parameter ComponentLink1URL in Part C33 Old=http://search.murata.co.jp/Ceramy/image/img/A01X/G101/ENG/GRM32ER61E226KE15-01.pdf New=//media.digikey.com/pdf/Data%20Sheets/Samsung%20PDFs/CL31A226KAHNNNE_Spec.pdf
Change Value of Parameter ComponentLink2URL in Part C36 Old=https://www.digikey.com/product-detail/en/murata-electronics-north-america/GRM32ER61E226KE15K/490-6540-2-ND/2548474 New=https://www.digikey.com/product-detail/en/samsung-electro-mechanics-america-inc/CL31A226KAHNNNE/1276-3047-2-ND/3888705
Change Value of Parameter ComponentLink2URL in Part C35 Old=https://www.digikey.com/product-detail/en/murata-electronics-north-america/GRM32ER61E226KE15K/490-6540-2-ND/2548474 New=https://www.digikey.com/product-detail/en/samsung-electro-mechanics-america-inc/CL31A226KAHNNNE/1276-3047-2-ND/3888705
Change Value of Parameter ComponentLink2URL in Part C34 Old=https://www.digikey.com/product-detail/en/murata-electronics-north-america/GRM32ER61E226KE15K/490-6540-2-ND/2548474 New=https://www.digikey.com/product-detail/en/samsung-electro-mechanics-america-inc/CL31A226KAHNNNE/1276-3047-2-ND/3888705
Change Value of Parameter ComponentLink2URL in Part C33 Old=https://www.digikey.com/product-detail/en/murata-electronics-north-america/GRM32ER61E226KE15K/490-6540-2-ND/2548474 New=https://www.digikey.com/product-detail/en/samsung-electro-mechanics-america-inc/CL31A226KAHNNNE/1276-3047-2-ND/3888705
Change Component Parameter Description in C36 Old=CAP CER 22UF 25V X5R 1210 New=CAP CER 22UF 25V X5R 1206
Change Component Parameter Description in C35 Old=CAP CER 22UF 25V X5R 1210 New=CAP CER 22UF 25V X5R 1206
Change Component Parameter Description in C34 Old=CAP CER 22UF 25V X5R 1210 New=CAP CER 22UF 25V X5R 1206
Change Component Parameter Description in C33 Old=CAP CER 22UF 25V X5R 1210 New=CAP CER 22UF 25V X5R 1206
Change Value of Parameter Device Package in Part C36 Old=1210 (3225 Metric) New=1206 (3216 Metric)
Change Value of Parameter Device Package in Part C35 Old=1210 (3225 Metric) New=1206 (3216 Metric)
Change Value of Parameter Device Package in Part C34 Old=1210 (3225 Metric) New=1206 (3216 Metric)
Change Value of Parameter Device Package in Part C33 Old=1210 (3225 Metric) New=1206 (3216 Metric)
Change Component Parameter Library Reference in C36 Old=GRM32ER61E226KE15K New=CL31A226KAHNNNE
Change Component Parameter Library Reference in C35 Old=GRM32ER61E226KE15K New=CL31A226KAHNNNE
Change Component Parameter Library Reference in C34 Old=GRM32ER61E226KE15K New=CL31A226KAHNNNE
Change Component Parameter Library Reference in C33 Old=GRM32ER61E226KE15K New=CL31A226KAHNNNE
Change Value of Parameter Manufacturer in Part C36 Old=Murata Electronics North America New=Samsung Electro-Mechanics America, Inc.
Change Value of Parameter Manufacturer in Part C35 Old=Murata Electronics North America New=Samsung Electro-Mechanics America, Inc.
Change Value of Parameter Manufacturer in Part C34 Old=Murata Electronics North America New=Samsung Electro-Mechanics America, Inc.
Change Value of Parameter Manufacturer in Part C33 Old=Murata Electronics North America New=Samsung Electro-Mechanics America, Inc.
Change Value of Parameter PartId in Part C36 Old=19044 New=15794
Change Value of Parameter PartId in Part C35 Old=19044 New=15794
Change Value of Parameter PartId in Part C34 Old=19044 New=15794
Change Value of Parameter PartId in Part C33 Old=19044 New=15794
Change Value of Parameter Part Number in Part C36 Old=GRM32ER61E226KE15K New=CL31A226KAHNNNE
Change Value of Parameter Part Number in Part C35 Old=GRM32ER61E226KE15K New=CL31A226KAHNNNE
Change Value of Parameter Part Number in Part C34 Old=GRM32ER61E226KE15K New=CL31A226KAHNNNE
Change Value of Parameter Part Number in Part C33 Old=GRM32ER61E226KE15K New=CL31A226KAHNNNE
Change Value of Parameter Price in Part C36 Old=0.2144 New=0.1785
Change Value of Parameter Price in Part C35 Old=0.2144 New=0.1785
Change Value of Parameter Price in Part C34 Old=0.2144 New=0.1785
Change Value of Parameter Price in Part C33 Old=0.2144 New=0.1785
Change Value of Parameter Supplier Part Number 1 in Part C36 Old=490-6540-2-ND New=1276-3047-2-ND
Change Value of Parameter Supplier Part Number 1 in Part C35 Old=490-6540-2-ND New=1276-3047-2-ND
Change Value of Parameter Supplier Part Number 1 in Part C34 Old=490-6540-2-ND New=1276-3047-2-ND
Change Value of Parameter Supplier Part Number 1 in Part C33 Old=490-6540-2-ND New=1276-3047-2-ND
Replace Part C33 Capacitor in C:\Users\Public\Documents\Altium\Projects\InterlockSystem\RTD Measurement\Neg12V.SchDoc with Capacitor from Celestial Library Database.DbLib
Replace Part C34 Capacitor in C:\Users\Public\Documents\Altium\Projects\InterlockSystem\RTD Measurement\Neg12V.SchDoc with Capacitor from Celestial Library Database.DbLib
Replace Part C35 Capacitor in C:\Users\Public\Documents\Altium\Projects\InterlockSystem\RTD Measurement\Neg12V.SchDoc with Capacitor from Celestial Library Database.DbLib
Replace Part C36 Capacitor in C:\Users\Public\Documents\Altium\Projects\InterlockSystem\RTD Measurement\Neg12V.SchDoc with Capacitor from Celestial Library Database.DbLib
