Added Component: Designator=U6(SOT-563)
Add component (AddParameter): Name = "ComponentLink1Description"; Value = "Datasheet"; VariantName = "[No Variations]"
Add component (AddParameter): Name = "ComponentLink1URL"; Value = "https://www.diodes.com/assets/Datasheets/ds30422.pdf"; VariantName = "[No Variations]"
Add component (AddParameter): Name = "ComponentLink2Description"; Value = "Digi-Key Listing"; VariantName = "[No Variations]"
Add component (AddParameter): Name = "ComponentLink2URL"; Value = "https://www.digikey.com/product-detail/en/diodes-incorporated/DCX144EH-7/DCX144EH-7DICT-ND/5218295"; VariantName = "[No Variations]"
Add component (AddParameter): Name = "Device Package"; Value = "SOT-563, SOT-666"; VariantName = "[No Variations]"
Add component (AddParameter): Name = "Manufacturer"; Value = "Diodes Incorporated"; VariantName = "[No Variations]"
Add component (AddParameter): Name = "Part Number"; Value = "DCX144EH-7"; VariantName = "[No Variations]"
Add component (AddParameter): Name = "PartId"; Value = "9696"; VariantName = "[No Variations]"
Add component (AddParameter): Name = "Power - Max"; Value = "150mW"; VariantName = "[No Variations]"
Add component (AddParameter): Name = "Price"; Value = "0.42"; VariantName = "[No Variations]"
Add component (AddParameter): Name = "Supplier 1"; Value = "Digi-Key"; VariantName = "[No Variations]"
Add component (AddParameter): Name = "Supplier Part Number 1"; Value = "DCX144EH-7DICT-ND"; VariantName = "[No Variations]"
Add component (AddParameter): Name = "Type"; Value = "1 NPN, 1 PNP - Pre-Biased (Dual)"; VariantName = "[No Variations]"
Added Component: Designator=U8(SOT-563)
Add component (AddParameter): Name = "ComponentLink1Description"; Value = "Datasheet"; VariantName = "[No Variations]"
Add component (AddParameter): Name = "ComponentLink1URL"; Value = "https://www.diodes.com/assets/Datasheets/ds30422.pdf"; VariantName = "[No Variations]"
Add component (AddParameter): Name = "ComponentLink2Description"; Value = "Digi-Key Listing"; VariantName = "[No Variations]"
Add component (AddParameter): Name = "ComponentLink2URL"; Value = "https://www.digikey.com/product-detail/en/diodes-incorporated/DCX144EH-7/DCX144EH-7DICT-ND/5218295"; VariantName = "[No Variations]"
Add component (AddParameter): Name = "Device Package"; Value = "SOT-563, SOT-666"; VariantName = "[No Variations]"
Add component (AddParameter): Name = "Manufacturer"; Value = "Diodes Incorporated"; VariantName = "[No Variations]"
Add component (AddParameter): Name = "Part Number"; Value = "DCX144EH-7"; VariantName = "[No Variations]"
Add component (AddParameter): Name = "PartId"; Value = "9696"; VariantName = "[No Variations]"
Add component (AddParameter): Name = "Power - Max"; Value = "150mW"; VariantName = "[No Variations]"
Add component (AddParameter): Name = "Price"; Value = "0.42"; VariantName = "[No Variations]"
Add component (AddParameter): Name = "Supplier 1"; Value = "Digi-Key"; VariantName = "[No Variations]"
Add component (AddParameter): Name = "Supplier Part Number 1"; Value = "DCX144EH-7DICT-ND"; VariantName = "[No Variations]"
Add component (AddParameter): Name = "Type"; Value = "1 NPN, 1 PNP - Pre-Biased (Dual)"; VariantName = "[No Variations]"
Added Pin To Net: NetName=-5A Pin=U6-1
Added Pin To Net: NetName=NetU6_2 Pin=U6-2
Added Pin To Net: NetName=NetU6_2 Pin=U6-3
Added Pin To Net: NetName=NetR17_2 Pin=U6-4
Added Pin To Net: NetName=ON/OFF Pin=U6-5
Added Pin To Net: NetName=NetR17_1 Pin=U6-6
Added Pin To Net: NetName=-12A Pin=U8-1
Added Pin To Net: NetName=NetU8_2 Pin=U8-2
Added Pin To Net: NetName=NetU8_2 Pin=U8-3
Added Pin To Net: NetName=NetR21_2 Pin=U8-4
Added Pin To Net: NetName=ON/OFF Pin=U8-5
Added Pin To Net: NetName=NetR21_1 Pin=U8-6
Added Member To Class: ClassName=U_Neg5V Member=Component U6 DCX144EH-7
Added Member To Class: ClassName=U_Neg12V Member=Component U8 DCX144EH-7
