Removed Pin From Net: NetName=RTDL+1 Pin=C1B-2
Removed Pin From Net: NetName=RTDL+2 Pin=C1D-2
Removed Pin From Net: NetName=RTDL+3 Pin=C1F-2
Removed Pin From Net: NetName=RTDL+4 Pin=C1H-2
Removed Pin From Net: NetName=RTDL+5 Pin=C1J-2
Removed Pin From Net: NetName=RTDL+6 Pin=C1L-2
Removed Pin From Net: NetName=RTDL+1 Pin=C2B-1
Removed Pin From Net: NetName=RTDL+2 Pin=C2D-1
Removed Pin From Net: NetName=RTDL+3 Pin=C2F-1
Removed Pin From Net: NetName=RTDL+4 Pin=C2H-1
Removed Pin From Net: NetName=RTDL+5 Pin=C2J-1
Removed Pin From Net: NetName=RTDL+6 Pin=C2L-1
Removed Pin From Net: NetName=RTDL+1 Pin=U1B-6
Removed Pin From Net: NetName=RTDL+2 Pin=U1D-6
Removed Pin From Net: NetName=RTDL+3 Pin=U1F-6
Removed Pin From Net: NetName=RTDL+4 Pin=U1H-6
Removed Pin From Net: NetName=RTDL+5 Pin=U1J-6
Removed Pin From Net: NetName=RTDL+6 Pin=U1L-6
Added Pin To Net: NetName=GND Pin=C1B-2
Added Pin To Net: NetName=GND Pin=C1D-2
Added Pin To Net: NetName=GND Pin=C1F-2
Added Pin To Net: NetName=GND Pin=C1H-2
Added Pin To Net: NetName=GND Pin=C1J-2
Added Pin To Net: NetName=GND Pin=C1L-2
Added Pin To Net: NetName=GND Pin=C2B-1
Added Pin To Net: NetName=GND Pin=C2D-1
Added Pin To Net: NetName=GND Pin=C2F-1
Added Pin To Net: NetName=GND Pin=C2H-1
Added Pin To Net: NetName=GND Pin=C2J-1
Added Pin To Net: NetName=GND Pin=C2L-1
Added Pin To Net: NetName=GND Pin=J1A-1
Added Pin To Net: NetName=GND Pin=J1A-7
Added Pin To Net: NetName=GND Pin=J1A-8
Added Pin To Net: NetName=GND Pin=J1B-1
Added Pin To Net: NetName=GND Pin=J1B-7
Added Pin To Net: NetName=GND Pin=J1B-8
Added Pin To Net: NetName=GND Pin=J1C-1
Added Pin To Net: NetName=GND Pin=J1C-7
Added Pin To Net: NetName=GND Pin=J1C-8
Added Pin To Net: NetName=GND Pin=J1D-1
Added Pin To Net: NetName=GND Pin=J1D-7
Added Pin To Net: NetName=GND Pin=J1D-8
Added Pin To Net: NetName=GND Pin=J1E-1
Added Pin To Net: NetName=GND Pin=J1E-7
Added Pin To Net: NetName=GND Pin=J1E-8
Added Pin To Net: NetName=GND Pin=J1F-1
Added Pin To Net: NetName=GND Pin=J1F-7
Added Pin To Net: NetName=GND Pin=J1F-8
Added Pin To Net: NetName=RTDL+1 Pin=R2B-1
Added Pin To Net: NetName=RTDL+2 Pin=R2D-1
Added Pin To Net: NetName=RTDL+3 Pin=R2F-1
Added Pin To Net: NetName=RTDL+4 Pin=R2H-1
Added Pin To Net: NetName=RTDL+5 Pin=R2J-1
Added Pin To Net: NetName=RTDL+6 Pin=R2L-1
Added Pin To Net: NetName=RTDL+1 Pin=U1B-4
Added Pin To Net: NetName=GND Pin=U1B-6
Added Pin To Net: NetName=RTDL+2 Pin=U1D-4
Added Pin To Net: NetName=GND Pin=U1D-6
Added Pin To Net: NetName=RTDL+3 Pin=U1F-4
Added Pin To Net: NetName=GND Pin=U1F-6
Added Pin To Net: NetName=RTDL+4 Pin=U1H-4
Added Pin To Net: NetName=GND Pin=U1H-6
Added Pin To Net: NetName=RTDL+5 Pin=U1J-4
Added Pin To Net: NetName=GND Pin=U1J-6
Added Pin To Net: NetName=RTDL+6 Pin=U1L-4
Added Pin To Net: NetName=GND Pin=U1L-6
Change Net Name : Old Net Name=GND New Net Name=RTDL_GND
