Removed Pin From Net: NetName=+5 Pin=C6A-1
Removed Pin From Net: NetName=+5 Pin=C6B-1
Removed Pin From Net: NetName=+5 Pin=C6C-1
Removed Pin From Net: NetName=+5 Pin=C6D-1
Removed Pin From Net: NetName=+5 Pin=C6E-1
Removed Pin From Net: NetName=+5 Pin=C6F-1
Removed Pin From Net: NetName=+5 Pin=C6G-1
Removed Pin From Net: NetName=+5 Pin=C6H-1
Removed Pin From Net: NetName=+5 Pin=C6I-1
Removed Pin From Net: NetName=+5 Pin=C6J-1
Removed Pin From Net: NetName=+5 Pin=C6K-1
Removed Pin From Net: NetName=+5 Pin=C6L-1
Removed Pin From Net: NetName=+5 Pin=U3A-8
Removed Pin From Net: NetName=+5 Pin=U3B-8
Removed Pin From Net: NetName=+5 Pin=U3C-8
Removed Pin From Net: NetName=+5 Pin=U3D-8
Removed Pin From Net: NetName=+5 Pin=U3E-8
Removed Pin From Net: NetName=+5 Pin=U3F-8
Removed Pin From Net: NetName=+5 Pin=U3G-8
Removed Pin From Net: NetName=+5 Pin=U3H-8
Removed Pin From Net: NetName=+5 Pin=U3I-8
Removed Pin From Net: NetName=+5 Pin=U3J-8
Removed Pin From Net: NetName=+5 Pin=U3K-8
Removed Pin From Net: NetName=+5 Pin=U3L-8
Added Pin To Net: NetName=+12 Pin=C6A-1
Added Pin To Net: NetName=+12 Pin=C6B-1
Added Pin To Net: NetName=+12 Pin=C6C-1
Added Pin To Net: NetName=+12 Pin=C6D-1
Added Pin To Net: NetName=+12 Pin=C6E-1
Added Pin To Net: NetName=+12 Pin=C6F-1
Added Pin To Net: NetName=+12 Pin=C6G-1
Added Pin To Net: NetName=+12 Pin=C6H-1
Added Pin To Net: NetName=+12 Pin=C6I-1
Added Pin To Net: NetName=+12 Pin=C6J-1
Added Pin To Net: NetName=+12 Pin=C6K-1
Added Pin To Net: NetName=+12 Pin=C6L-1
Added Pin To Net: NetName=+12 Pin=U3A-8
Added Pin To Net: NetName=+12 Pin=U3B-8
Added Pin To Net: NetName=+12 Pin=U3C-8
Added Pin To Net: NetName=+12 Pin=U3D-8
Added Pin To Net: NetName=+12 Pin=U3E-8
Added Pin To Net: NetName=+12 Pin=U3F-8
Added Pin To Net: NetName=+12 Pin=U3G-8
Added Pin To Net: NetName=+12 Pin=U3H-8
Added Pin To Net: NetName=+12 Pin=U3I-8
Added Pin To Net: NetName=+12 Pin=U3J-8
Added Pin To Net: NetName=+12 Pin=U3K-8
Added Pin To Net: NetName=+12 Pin=U3L-8
